<?xml version="1.0" encoding="UTF-8"?>
<testsuites name="AddEvaluation" time="10" tests="4" failures="0" errors="0">
   <testsuite name="AddEvaluation" tests="4" failures="0" errors="0" time="10" timestamp="2019-05-01 14:42:49" hostname="Raphael - 157.26.66.100" id="Test Suites/AddEvaluation">
      <properties>
         <property name="deviceName" value=""/>
         <property name="devicePlatform" value=""/>
         <property name="logFolder" value="C:\\dev\\he-arc\\3257.2-Java_Enterprise_Edition_JEE\\Holygram\\HolygramKatalon\\Reports\\AddEvaluation\\20190501_144246"/>
         <property name="logFiles" value="C:\\dev\\he-arc\\3257.2-Java_Enterprise_Edition_JEE\\Holygram\\HolygramKatalon\\Reports\\AddEvaluation\\20190501_144246\\execution0.log"/>
         <property name="attachments" value=""/>
         <property name="hostName" value="Raphael - 157.26.66.100"/>
         <property name="os" value="Windows 10 64bit"/>
         <property name="katalonVersion" value="6.1.2.2"/>
         <property name="browser" value="Chrome 73.0.3683.103"/>
         <property name="hostAddress" value="157.26.66.100"/>
         <property name="sessionId" value="64e6c3899bf24d087b74c18e1317a8bf"/>
         <property name="seleniumVersion" value="3.7.1"/>
         <property name="proxyInformation" value="ProxyInformation{proxyOption=NO_PROXY, proxyServerType=HTTP, password=, proxyServerAddress=, proxyServerPort=0}"/>
         <property name="platform" value="Windows 10"/>
      </properties>
      <testcase name="Test Cases/LoginCustomer" classname="Test Cases/LoginCustomer" status="PASSED">
         <system-out><![CDATA[2019-05-01 14:42:49 - [TEST_CASE][PASSED] - Test Cases/LoginCustomer: Test Cases/LoginCustomer

2019-05-01 14:42:49 - [TEST_STEP][PASSED] - openBrowser(""): Browser is opened with url: ''

2019-05-01 14:42:49 - [MESSAGE][INFO] - Starting 'Chrome (headless)' driver

2019-05-01 14:42:49 - [MESSAGE][INFO] - Action delay is set to 0 seconds

2019-05-01 14:42:53 - [MESSAGE][PASSED] - Browser is opened with url: ''

2019-05-01 14:42:53 - [TEST_STEP][PASSED] - navigateToUrl("http://localhost:8080/"): Navigate to 'http://localhost:8080/' successfully

2019-05-01 14:42:54 - [MESSAGE][PASSED] - Navigate to 'http://localhost:8080/' successfully

2019-05-01 14:42:54 - [TEST_STEP][PASSED] - click(findTestObject("Page_Holygram/a_Account")): Object: 'Object Repository/Page_Holygram/a_Account' is clicked on

2019-05-01 14:42:54 - [MESSAGE][PASSED] - Object: 'Object Repository/Page_Holygram/a_Account' is clicked on

2019-05-01 14:42:54 - [TEST_STEP][PASSED] - click(findTestObject("Page_Holygram/a_Log in")): Object: 'Object Repository/Page_Holygram/a_Log in' is clicked on

2019-05-01 14:42:54 - [MESSAGE][PASSED] - Object: 'Object Repository/Page_Holygram/a_Log in' is clicked on

2019-05-01 14:42:54 - [TEST_STEP][PASSED] - setText(findTestObject("Page_Please sign in/input_Username_username"), "customer"): Text 'customer' is set on object 'Object Repository/Page_Please sign in/input_Username_username'

2019-05-01 14:42:55 - [MESSAGE][PASSED] - Text 'customer' is set on object 'Object Repository/Page_Please sign in/input_Username_username'

2019-05-01 14:42:55 - [TEST_STEP][PASSED] - setEncryptedText(findTestObject("Page_Please sign in/input_Password_password"), "RigbBhfdqOBGNlJIWM1ClA=="): Text ****** has been set on object 'Object Repository/Page_Please sign in/input_Password_password'

2019-05-01 14:42:55 - [MESSAGE][PASSED] - Text ****** has been set on object 'Object Repository/Page_Please sign in/input_Password_password'

2019-05-01 14:42:55 - [TEST_STEP][PASSED] - click(findTestObject("Page_Please sign in/button_Sign in")): Object: 'Object Repository/Page_Please sign in/button_Sign in' is clicked on

2019-05-01 14:42:55 - [MESSAGE][PASSED] - Object: 'Object Repository/Page_Please sign in/button_Sign in' is clicked on]]></system-out>
         <system-err><![CDATA[]]></system-err>
      </testcase>
      <testcase name="Test Cases/SearchSimple" classname="Test Cases/SearchSimple" status="PASSED">
         <system-out><![CDATA[2019-05-01 14:42:55 - [TEST_CASE][PASSED] - Test Cases/SearchSimple: Test Cases/SearchSimple

2019-05-01 14:42:55 - [TEST_STEP][PASSED] - click(findTestObject("Object Repository/Page_Holygram/a_Search            an exorcist")): Object: 'Object Repository/Page_Holygram/a_Search            an exorcist' is clicked on

2019-05-01 14:42:55 - [MESSAGE][PASSED] - Object: 'Object Repository/Page_Holygram/a_Search            an exorcist' is clicked on

2019-05-01 14:42:55 - [TEST_STEP][PASSED] - selectOptionByValue(findTestObject("Object Repository/Page_Holygram/selectDemon"), "4", true): All options with value '4' are selected in object 'Object Repository/Page_Holygram/selectDemon'  using regular expression

2019-05-01 14:42:56 - [MESSAGE][PASSED] - All options with value '4' are selected in object 'Object Repository/Page_Holygram/selectDemon'  using regular expression

2019-05-01 14:42:56 - [TEST_STEP][PASSED] - click(findTestObject("Object Repository/Page_Holygram/button_Search")): Object: 'Object Repository/Page_Holygram/button_Search' is clicked on

2019-05-01 14:42:56 - [MESSAGE][PASSED] - Object: 'Object Repository/Page_Holygram/button_Search' is clicked on

2019-05-01 14:42:56 - [TEST_STEP][PASSED] - click(findTestObject("Object Repository/Page_Holygram/a_exorcist3")): Object: 'Object Repository/Page_Holygram/a_exorcist3' is clicked on

2019-05-01 14:42:56 - [MESSAGE][PASSED] - Object: 'Object Repository/Page_Holygram/a_exorcist3' is clicked on]]></system-out>
         <system-err><![CDATA[]]></system-err>
      </testcase>
      <testcase name="Test Cases/AddEvaluation" classname="Test Cases/AddEvaluation" status="PASSED">
         <system-out><![CDATA[2019-05-01 14:42:56 - [TEST_CASE][PASSED] - Test Cases/AddEvaluation: Test Cases/AddEvaluation

2019-05-01 14:42:57 - [TEST_STEP][PASSED] - click(findTestObject("Object Repository/Page_Holygram/i_Evaluation_fas fa-thumbs-up")): Object: 'Object Repository/Page_Holygram/i_Evaluation_fas fa-thumbs-up' is clicked on

2019-05-01 14:42:57 - [MESSAGE][PASSED] - Object: 'Object Repository/Page_Holygram/i_Evaluation_fas fa-thumbs-up' is clicked on

2019-05-01 14:42:57 - [TEST_STEP][PASSED] - setText(findTestObject("Object Repository/Page_Holygram/textarea_Comment_comment"), "really nice !"): Text 'really nice !' is set on object 'Object Repository/Page_Holygram/textarea_Comment_comment'

2019-05-01 14:42:57 - [MESSAGE][PASSED] - Text 'really nice !' is set on object 'Object Repository/Page_Holygram/textarea_Comment_comment'

2019-05-01 14:42:57 - [TEST_STEP][PASSED] - click(findTestObject("Object Repository/Page_Holygram/input_Please write a comment_btn btn-primary")): Object: 'Object Repository/Page_Holygram/input_Please write a comment_btn btn-primary' is clicked on

2019-05-01 14:42:57 - [MESSAGE][PASSED] - Object: 'Object Repository/Page_Holygram/input_Please write a comment_btn btn-primary' is clicked on

2019-05-01 14:42:57 - [TEST_STEP][PASSED] - click(findTestObject("Object Repository/Page_Holygram/i_Evaluation_fas fa-thumbs-down")): Object: 'Object Repository/Page_Holygram/i_Evaluation_fas fa-thumbs-down' is clicked on

2019-05-01 14:42:57 - [MESSAGE][PASSED] - Object: 'Object Repository/Page_Holygram/i_Evaluation_fas fa-thumbs-down' is clicked on

2019-05-01 14:42:57 - [TEST_STEP][PASSED] - setText(findTestObject("Object Repository/Page_Holygram/textarea_Comment_comment"), "pretty bad"): Text 'pretty bad' is set on object 'Object Repository/Page_Holygram/textarea_Comment_comment'

2019-05-01 14:42:57 - [MESSAGE][PASSED] - Text 'pretty bad' is set on object 'Object Repository/Page_Holygram/textarea_Comment_comment'

2019-05-01 14:42:57 - [TEST_STEP][PASSED] - click(findTestObject("Object Repository/Page_Holygram/input_Please write a comment_btn btn-primary")): Object: 'Object Repository/Page_Holygram/input_Please write a comment_btn btn-primary' is clicked on

2019-05-01 14:42:57 - [MESSAGE][PASSED] - Object: 'Object Repository/Page_Holygram/input_Please write a comment_btn btn-primary' is clicked on]]></system-out>
         <system-err><![CDATA[]]></system-err>
      </testcase>
      <testcase name="Test Cases/LogoffCustomer" classname="Test Cases/LogoffCustomer" status="PASSED">
         <system-out><![CDATA[2019-05-01 14:42:57 - [TEST_CASE][PASSED] - Test Cases/LogoffCustomer: Test Cases/LogoffCustomer

2019-05-01 14:42:58 - [TEST_STEP][PASSED] - click(findTestObject("Page_Holygram/a_customer")): Object: 'Object Repository/Page_Holygram/a_customer' is clicked on

2019-05-01 14:42:58 - [MESSAGE][PASSED] - Object: 'Object Repository/Page_Holygram/a_customer' is clicked on

2019-05-01 14:42:58 - [TEST_STEP][PASSED] - click(findTestObject("Page_Holygram/a_Disconnect")): Object: 'Object Repository/Page_Holygram/a_Disconnect' is clicked on

2019-05-01 14:42:58 - [MESSAGE][PASSED] - Object: 'Object Repository/Page_Holygram/a_Disconnect' is clicked on

2019-05-01 14:42:58 - [TEST_STEP][PASSED] - click(findTestObject("Page_Confirm Log Out/button_Log Out")): Object: 'Object Repository/Page_Confirm Log Out/button_Log Out' is clicked on

2019-05-01 14:42:58 - [MESSAGE][PASSED] - Object: 'Object Repository/Page_Confirm Log Out/button_Log Out' is clicked on

2019-05-01 14:42:58 - [TEST_STEP][PASSED] - closeBrowser(): Browser is closed

2019-05-01 14:42:59 - [MESSAGE][PASSED] - Browser is closed]]></system-out>
         <system-err><![CDATA[]]></system-err>
      </testcase>
      <system-out><![CDATA[2019-05-01 14:42:49 - [TEST_SUITE][PASSED] - AddEvaluation: Test Cases/LogoffCustomer]]></system-out>
      <system-err><![CDATA[]]></system-err>
   </testsuite>
</testsuites>
