<?xml version="1.0" encoding="UTF-8"?>
<testsuites name="AuthentificationRegistration" time="25" tests="6" failures="0" errors="0">
   <testsuite name="AuthentificationRegistration" tests="6" failures="0" errors="0" time="25" timestamp="2019-05-01 15:03:19" hostname="Raphael - 157.26.66.100" id="Test Suites/AuthentificationRegistration">
      <properties>
         <property name="deviceName" value=""/>
         <property name="devicePlatform" value=""/>
         <property name="logFolder" value="C:\\dev\\he-arc\\3257.2-Java_Enterprise_Edition_JEE\\Holygram\\HolygramKatalon\\Reports\\AuthentificationRegistration\\20190501_150316"/>
         <property name="logFiles" value="C:\\dev\\he-arc\\3257.2-Java_Enterprise_Edition_JEE\\Holygram\\HolygramKatalon\\Reports\\AuthentificationRegistration\\20190501_150316\\execution0.log"/>
         <property name="attachments" value=""/>
         <property name="hostName" value="Raphael - 157.26.66.100"/>
         <property name="os" value="Windows 10 64bit"/>
         <property name="katalonVersion" value="6.1.2.2"/>
         <property name="browser" value="Chrome 73.0.3683.103"/>
         <property name="hostAddress" value="157.26.66.100"/>
         <property name="sessionId" value="47e78b5de1b951b3f631f7a4b8d933f2"/>
         <property name="seleniumVersion" value="3.7.1"/>
         <property name="proxyInformation" value="ProxyInformation{proxyOption=NO_PROXY, proxyServerType=HTTP, password=, proxyServerAddress=, proxyServerPort=0}"/>
         <property name="platform" value="Windows 10"/>
      </properties>
      <testcase name="Test Cases/RegistrationExorcist" classname="Test Cases/RegistrationExorcist" status="PASSED">
         <system-out><![CDATA[2019-05-01 15:03:19 - [TEST_CASE][PASSED] - Test Cases/RegistrationExorcist: Test Cases/RegistrationExorcist

2019-05-01 15:03:19 - [TEST_STEP][PASSED] - openBrowser(""): Browser is opened with url: ''

2019-05-01 15:03:19 - [MESSAGE][INFO] - Starting 'Chrome' driver

2019-05-01 15:03:19 - [MESSAGE][INFO] - Action delay is set to 0 seconds

2019-05-01 15:03:23 - [MESSAGE][PASSED] - Browser is opened with url: ''

2019-05-01 15:03:23 - [TEST_STEP][PASSED] - navigateToUrl("http://localhost:8080/"): Navigate to 'http://localhost:8080/' successfully

2019-05-01 15:03:24 - [MESSAGE][PASSED] - Navigate to 'http://localhost:8080/' successfully

2019-05-01 15:03:24 - [TEST_STEP][PASSED] - click(findTestObject("Object Repository/Page_Holygram/a_Account")): Object: 'Object Repository/Page_Holygram/a_Account' is clicked on

2019-05-01 15:03:24 - [MESSAGE][PASSED] - Object: 'Object Repository/Page_Holygram/a_Account' is clicked on

2019-05-01 15:03:24 - [TEST_STEP][PASSED] - click(findTestObject("Object Repository/Page_Holygram/a_Create")): Object: 'Object Repository/Page_Holygram/a_Create' is clicked on

2019-05-01 15:03:24 - [MESSAGE][PASSED] - Object: 'Object Repository/Page_Holygram/a_Create' is clicked on

2019-05-01 15:03:24 - [TEST_STEP][PASSED] - click(findTestObject("Object Repository/Page_Holygram - Signin/label_Exorcist")): Object: 'Object Repository/Page_Holygram - Signin/label_Exorcist' is clicked on

2019-05-01 15:03:24 - [MESSAGE][PASSED] - Object: 'Object Repository/Page_Holygram - Signin/label_Exorcist' is clicked on

2019-05-01 15:03:24 - [TEST_STEP][PASSED] - setText(findTestObject("Object Repository/Page_Holygram - Signin/input_Username_username"), "qwertz"): Text 'qwertz' is set on object 'Object Repository/Page_Holygram - Signin/input_Username_username'

2019-05-01 15:03:25 - [MESSAGE][PASSED] - Text 'qwertz' is set on object 'Object Repository/Page_Holygram - Signin/input_Username_username'

2019-05-01 15:03:25 - [TEST_STEP][PASSED] - setText(findTestObject("Object Repository/Page_Holygram - Signin/input_Email_email"), "qwertz@mail.com"): Text 'qwertz@mail.com' is set on object 'Object Repository/Page_Holygram - Signin/input_Email_email'

2019-05-01 15:03:25 - [MESSAGE][PASSED] - Text 'qwertz@mail.com' is set on object 'Object Repository/Page_Holygram - Signin/input_Email_email'

2019-05-01 15:03:25 - [TEST_STEP][PASSED] - setEncryptedText(findTestObject("Object Repository/Page_Holygram - Signin/input_Password_password"), "RigbBhfdqOBGNlJIWM1ClA=="): Text ****** has been set on object 'Object Repository/Page_Holygram - Signin/input_Password_password'

2019-05-01 15:03:25 - [MESSAGE][PASSED] - Text ****** has been set on object 'Object Repository/Page_Holygram - Signin/input_Password_password'

2019-05-01 15:03:25 - [TEST_STEP][PASSED] - setEncryptedText(findTestObject("Object Repository/Page_Holygram - Signin/password2"), "RigbBhfdqOBGNlJIWM1ClA=="): Text ****** has been set on object 'Object Repository/Page_Holygram - Signin/password2'

2019-05-01 15:03:25 - [MESSAGE][PASSED] - Text ****** has been set on object 'Object Repository/Page_Holygram - Signin/password2'

2019-05-01 15:03:25 - [TEST_STEP][PASSED] - selectOptionByValue(findTestObject("Object Repository/Page_Holygram - Signin/selectCanton"), "NE", true): All options with value 'NE' are selected in object 'Object Repository/Page_Holygram - Signin/selectCanton'  using regular expression

2019-05-01 15:03:26 - [MESSAGE][PASSED] - All options with value 'NE' are selected in object 'Object Repository/Page_Holygram - Signin/selectCanton'  using regular expression

2019-05-01 15:03:26 - [TEST_STEP][PASSED] - setText(findTestObject("Object Repository/Page_Holygram - Signin/input_Phone_phoneNumber"), "023 465 78 90"): Text '023 465 78 90' is set on object 'Object Repository/Page_Holygram - Signin/input_Phone_phoneNumber'

2019-05-01 15:03:26 - [MESSAGE][PASSED] - Text '023 465 78 90' is set on object 'Object Repository/Page_Holygram - Signin/input_Phone_phoneNumber'

2019-05-01 15:03:26 - [TEST_STEP][PASSED] - setText(findTestObject("Object Repository/Page_Holygram - Signin/textarea_Description_description"), "12345678"): Text '12345678' is set on object 'Object Repository/Page_Holygram - Signin/textarea_Description_description'

2019-05-01 15:03:26 - [MESSAGE][PASSED] - Text '12345678' is set on object 'Object Repository/Page_Holygram - Signin/textarea_Description_description'

2019-05-01 15:03:26 - [TEST_STEP][PASSED] - click(findTestObject("Object Repository/Page_Holygram - Signin/button_Submit")): Object: 'Object Repository/Page_Holygram - Signin/button_Submit' is clicked on

2019-05-01 15:03:27 - [MESSAGE][PASSED] - Object: 'Object Repository/Page_Holygram - Signin/button_Submit' is clicked on

2019-05-01 15:03:27 - [TEST_STEP][PASSED] - click(findTestObject("Object Repository/Page_Holygram/a_qwertz")): Object: 'Object Repository/Page_Holygram/a_qwertz' is clicked on

2019-05-01 15:03:27 - [MESSAGE][PASSED] - Object: 'Object Repository/Page_Holygram/a_qwertz' is clicked on

2019-05-01 15:03:27 - [TEST_STEP][PASSED] - click(findTestObject("Object Repository/Page_Holygram/a_Disconnect")): Object: 'Object Repository/Page_Holygram/a_Disconnect' is clicked on

2019-05-01 15:03:27 - [MESSAGE][PASSED] - Object: 'Object Repository/Page_Holygram/a_Disconnect' is clicked on

2019-05-01 15:03:27 - [TEST_STEP][PASSED] - click(findTestObject("Page_Confirm Log Out/button_Log Out")): Object: 'Object Repository/Page_Confirm Log Out/button_Log Out' is clicked on

2019-05-01 15:03:27 - [MESSAGE][PASSED] - Object: 'Object Repository/Page_Confirm Log Out/button_Log Out' is clicked on

2019-05-01 15:03:27 - [TEST_STEP][PASSED] - closeBrowser(): Browser is closed

2019-05-01 15:03:28 - [MESSAGE][PASSED] - Browser is closed]]></system-out>
         <system-err><![CDATA[]]></system-err>
      </testcase>
      <testcase name="Test Cases/RegistrationCustomer" classname="Test Cases/RegistrationCustomer" status="PASSED">
         <system-out><![CDATA[2019-05-01 15:03:28 - [TEST_CASE][PASSED] - Test Cases/RegistrationCustomer: Test Cases/RegistrationCustomer

2019-05-01 15:03:28 - [TEST_STEP][PASSED] - openBrowser(""): Browser is opened with url: ''

2019-05-01 15:03:28 - [MESSAGE][INFO] - Starting 'Chrome' driver

2019-05-01 15:03:30 - [MESSAGE][PASSED] - Browser is opened with url: ''

2019-05-01 15:03:30 - [TEST_STEP][PASSED] - navigateToUrl("http://localhost:8080/"): Navigate to 'http://localhost:8080/' successfully

2019-05-01 15:03:31 - [MESSAGE][PASSED] - Navigate to 'http://localhost:8080/' successfully

2019-05-01 15:03:31 - [TEST_STEP][PASSED] - click(findTestObject("Object Repository/Page_Holygram/a_Account")): Object: 'Object Repository/Page_Holygram/a_Account' is clicked on

2019-05-01 15:03:31 - [MESSAGE][PASSED] - Object: 'Object Repository/Page_Holygram/a_Account' is clicked on

2019-05-01 15:03:31 - [TEST_STEP][PASSED] - click(findTestObject("Object Repository/Page_Holygram/a_Create")): Object: 'Object Repository/Page_Holygram/a_Create' is clicked on

2019-05-01 15:03:31 - [MESSAGE][PASSED] - Object: 'Object Repository/Page_Holygram/a_Create' is clicked on

2019-05-01 15:03:31 - [TEST_STEP][PASSED] - setText(findTestObject("Page_Holygram - Signin/input_Username_username"), "super-customer"): Text 'super-customer' is set on object 'Object Repository/Page_Holygram - Signin/input_Username_username'

2019-05-01 15:03:31 - [MESSAGE][PASSED] - Text 'super-customer' is set on object 'Object Repository/Page_Holygram - Signin/input_Username_username'

2019-05-01 15:03:31 - [TEST_STEP][PASSED] - setText(findTestObject("Page_Holygram - Signin/input_Email_email"), "super-customer@mail.com"): Text 'super-customer@mail.com' is set on object 'Object Repository/Page_Holygram - Signin/input_Email_email'

2019-05-01 15:03:32 - [MESSAGE][PASSED] - Text 'super-customer@mail.com' is set on object 'Object Repository/Page_Holygram - Signin/input_Email_email'

2019-05-01 15:03:32 - [TEST_STEP][PASSED] - setEncryptedText(findTestObject("Page_Holygram - Signin/input_Password_password"), "RigbBhfdqOBGNlJIWM1ClA=="): Text ****** has been set on object 'Object Repository/Page_Holygram - Signin/input_Password_password'

2019-05-01 15:03:32 - [MESSAGE][PASSED] - Text ****** has been set on object 'Object Repository/Page_Holygram - Signin/input_Password_password'

2019-05-01 15:03:32 - [TEST_STEP][PASSED] - setEncryptedText(findTestObject("Page_Holygram - Signin/password2"), "RigbBhfdqOBGNlJIWM1ClA=="): Text ****** has been set on object 'Object Repository/Page_Holygram - Signin/password2'

2019-05-01 15:03:32 - [MESSAGE][PASSED] - Text ****** has been set on object 'Object Repository/Page_Holygram - Signin/password2'

2019-05-01 15:03:32 - [TEST_STEP][PASSED] - click(findTestObject("Page_Holygram - Signin/button_Submit")): Object: 'Object Repository/Page_Holygram - Signin/button_Submit' is clicked on

2019-05-01 15:03:32 - [MESSAGE][PASSED] - Object: 'Object Repository/Page_Holygram - Signin/button_Submit' is clicked on

2019-05-01 15:03:32 - [TEST_STEP][PASSED] - click(findTestObject("Object Repository/Page_Holygram/a_super-customer")): Object: 'Object Repository/Page_Holygram/a_super-customer' is clicked on

2019-05-01 15:03:32 - [MESSAGE][PASSED] - Object: 'Object Repository/Page_Holygram/a_super-customer' is clicked on

2019-05-01 15:03:32 - [TEST_STEP][PASSED] - click(findTestObject("Object Repository/Page_Holygram/a_Disconnect")): Object: 'Object Repository/Page_Holygram/a_Disconnect' is clicked on

2019-05-01 15:03:32 - [MESSAGE][PASSED] - Object: 'Object Repository/Page_Holygram/a_Disconnect' is clicked on

2019-05-01 15:03:32 - [TEST_STEP][PASSED] - click(findTestObject("Page_Confirm Log Out/button_Log Out")): Object: 'Object Repository/Page_Confirm Log Out/button_Log Out' is clicked on

2019-05-01 15:03:33 - [MESSAGE][PASSED] - Object: 'Object Repository/Page_Confirm Log Out/button_Log Out' is clicked on

2019-05-01 15:03:33 - [TEST_STEP][PASSED] - closeBrowser(): Browser is closed

2019-05-01 15:03:33 - [MESSAGE][PASSED] - Browser is closed]]></system-out>
         <system-err><![CDATA[]]></system-err>
      </testcase>
      <testcase name="Test Cases/LoginCustomer" classname="Test Cases/LoginCustomer" status="PASSED">
         <system-out><![CDATA[2019-05-01 15:03:33 - [TEST_CASE][PASSED] - Test Cases/LoginCustomer: Test Cases/LoginCustomer

2019-05-01 15:03:33 - [TEST_STEP][PASSED] - openBrowser(""): Browser is opened with url: ''

2019-05-01 15:03:33 - [MESSAGE][INFO] - Starting 'Chrome' driver

2019-05-01 15:03:36 - [MESSAGE][PASSED] - Browser is opened with url: ''

2019-05-01 15:03:36 - [TEST_STEP][PASSED] - navigateToUrl("http://localhost:8080/"): Navigate to 'http://localhost:8080/' successfully

2019-05-01 15:03:36 - [MESSAGE][PASSED] - Navigate to 'http://localhost:8080/' successfully

2019-05-01 15:03:36 - [TEST_STEP][PASSED] - click(findTestObject("Page_Holygram/a_Account")): Object: 'Object Repository/Page_Holygram/a_Account' is clicked on

2019-05-01 15:03:37 - [MESSAGE][PASSED] - Object: 'Object Repository/Page_Holygram/a_Account' is clicked on

2019-05-01 15:03:37 - [TEST_STEP][PASSED] - click(findTestObject("Page_Holygram/a_Log in")): Object: 'Object Repository/Page_Holygram/a_Log in' is clicked on

2019-05-01 15:03:37 - [MESSAGE][PASSED] - Object: 'Object Repository/Page_Holygram/a_Log in' is clicked on

2019-05-01 15:03:37 - [TEST_STEP][PASSED] - setText(findTestObject("Page_Please sign in/input_Username_username"), "customer"): Text 'customer' is set on object 'Object Repository/Page_Please sign in/input_Username_username'

2019-05-01 15:03:37 - [MESSAGE][PASSED] - Text 'customer' is set on object 'Object Repository/Page_Please sign in/input_Username_username'

2019-05-01 15:03:37 - [TEST_STEP][PASSED] - setEncryptedText(findTestObject("Page_Please sign in/input_Password_password"), "RigbBhfdqOBGNlJIWM1ClA=="): Text ****** has been set on object 'Object Repository/Page_Please sign in/input_Password_password'

2019-05-01 15:03:37 - [MESSAGE][PASSED] - Text ****** has been set on object 'Object Repository/Page_Please sign in/input_Password_password'

2019-05-01 15:03:37 - [TEST_STEP][PASSED] - click(findTestObject("Page_Please sign in/button_Sign in")): Object: 'Object Repository/Page_Please sign in/button_Sign in' is clicked on

2019-05-01 15:03:37 - [MESSAGE][PASSED] - Object: 'Object Repository/Page_Please sign in/button_Sign in' is clicked on]]></system-out>
         <system-err><![CDATA[]]></system-err>
      </testcase>
      <testcase name="Test Cases/LogoffCustomer" classname="Test Cases/LogoffCustomer" status="PASSED">
         <system-out><![CDATA[2019-05-01 15:03:37 - [TEST_CASE][PASSED] - Test Cases/LogoffCustomer: Test Cases/LogoffCustomer

2019-05-01 15:03:38 - [TEST_STEP][PASSED] - click(findTestObject("Page_Holygram/a_customer")): Object: 'Object Repository/Page_Holygram/a_customer' is clicked on

2019-05-01 15:03:38 - [MESSAGE][PASSED] - Object: 'Object Repository/Page_Holygram/a_customer' is clicked on

2019-05-01 15:03:38 - [TEST_STEP][PASSED] - click(findTestObject("Page_Holygram/a_Disconnect")): Object: 'Object Repository/Page_Holygram/a_Disconnect' is clicked on

2019-05-01 15:03:38 - [MESSAGE][PASSED] - Object: 'Object Repository/Page_Holygram/a_Disconnect' is clicked on

2019-05-01 15:03:38 - [TEST_STEP][PASSED] - click(findTestObject("Page_Confirm Log Out/button_Log Out")): Object: 'Object Repository/Page_Confirm Log Out/button_Log Out' is clicked on

2019-05-01 15:03:38 - [MESSAGE][PASSED] - Object: 'Object Repository/Page_Confirm Log Out/button_Log Out' is clicked on

2019-05-01 15:03:38 - [TEST_STEP][PASSED] - closeBrowser(): Browser is closed

2019-05-01 15:03:39 - [MESSAGE][PASSED] - Browser is closed]]></system-out>
         <system-err><![CDATA[]]></system-err>
      </testcase>
      <testcase name="Test Cases/LoginExorcist" classname="Test Cases/LoginExorcist" status="PASSED">
         <system-out><![CDATA[2019-05-01 15:03:39 - [TEST_CASE][PASSED] - Test Cases/LoginExorcist: Test Cases/LoginExorcist

2019-05-01 15:03:39 - [TEST_STEP][PASSED] - openBrowser(""): Browser is opened with url: ''

2019-05-01 15:03:39 - [MESSAGE][INFO] - Starting 'Chrome' driver

2019-05-01 15:03:41 - [MESSAGE][PASSED] - Browser is opened with url: ''

2019-05-01 15:03:41 - [TEST_STEP][PASSED] - navigateToUrl("http://localhost:8080/"): Navigate to 'http://localhost:8080/' successfully

2019-05-01 15:03:42 - [MESSAGE][PASSED] - Navigate to 'http://localhost:8080/' successfully

2019-05-01 15:03:42 - [TEST_STEP][PASSED] - click(findTestObject("Object Repository/Page_Holygram/a_Account")): Object: 'Object Repository/Page_Holygram/a_Account' is clicked on

2019-05-01 15:03:42 - [MESSAGE][PASSED] - Object: 'Object Repository/Page_Holygram/a_Account' is clicked on

2019-05-01 15:03:42 - [TEST_STEP][PASSED] - click(findTestObject("Object Repository/Page_Holygram/a_Log in")): Object: 'Object Repository/Page_Holygram/a_Log in' is clicked on

2019-05-01 15:03:42 - [MESSAGE][PASSED] - Object: 'Object Repository/Page_Holygram/a_Log in' is clicked on

2019-05-01 15:03:42 - [TEST_STEP][PASSED] - setText(findTestObject("Page_Please sign in/input_Username_username"), "exorcist0"): Text 'exorcist0' is set on object 'Object Repository/Page_Please sign in/input_Username_username'

2019-05-01 15:03:42 - [MESSAGE][PASSED] - Text 'exorcist0' is set on object 'Object Repository/Page_Please sign in/input_Username_username'

2019-05-01 15:03:42 - [TEST_STEP][PASSED] - setEncryptedText(findTestObject("Page_Please sign in/input_Password_password"), "RigbBhfdqOBGNlJIWM1ClA=="): Text ****** has been set on object 'Object Repository/Page_Please sign in/input_Password_password'

2019-05-01 15:03:42 - [MESSAGE][PASSED] - Text ****** has been set on object 'Object Repository/Page_Please sign in/input_Password_password'

2019-05-01 15:03:42 - [TEST_STEP][PASSED] - click(findTestObject("Page_Please sign in/button_Sign in")): Object: 'Object Repository/Page_Please sign in/button_Sign in' is clicked on

2019-05-01 15:03:43 - [MESSAGE][PASSED] - Object: 'Object Repository/Page_Please sign in/button_Sign in' is clicked on]]></system-out>
         <system-err><![CDATA[]]></system-err>
      </testcase>
      <testcase name="Test Cases/LogoffExorcist" classname="Test Cases/LogoffExorcist" status="PASSED">
         <system-out><![CDATA[2019-05-01 15:03:43 - [TEST_CASE][PASSED] - Test Cases/LogoffExorcist: Test Cases/LogoffExorcist

2019-05-01 15:03:43 - [TEST_STEP][PASSED] - click(findTestObject("a_exorcist0")): Object: 'Object Repository/a_exorcist0' is clicked on

2019-05-01 15:03:43 - [MESSAGE][PASSED] - Object: 'Object Repository/a_exorcist0' is clicked on

2019-05-01 15:03:43 - [TEST_STEP][PASSED] - click(findTestObject("Object Repository/Page_Holygram/a_Disconnect")): Object: 'Object Repository/Page_Holygram/a_Disconnect' is clicked on

2019-05-01 15:03:43 - [MESSAGE][PASSED] - Object: 'Object Repository/Page_Holygram/a_Disconnect' is clicked on

2019-05-01 15:03:43 - [TEST_STEP][PASSED] - click(findTestObject("Page_Confirm Log Out/button_Log Out")): Object: 'Object Repository/Page_Confirm Log Out/button_Log Out' is clicked on

2019-05-01 15:03:43 - [MESSAGE][PASSED] - Object: 'Object Repository/Page_Confirm Log Out/button_Log Out' is clicked on

2019-05-01 15:03:43 - [TEST_STEP][PASSED] - closeBrowser(): Browser is closed

2019-05-01 15:03:44 - [MESSAGE][PASSED] - Browser is closed]]></system-out>
         <system-err><![CDATA[]]></system-err>
      </testcase>
      <system-out><![CDATA[2019-05-01 15:03:19 - [TEST_SUITE][PASSED] - AuthentificationRegistration: Test Cases/LogoffExorcist]]></system-out>
      <system-err><![CDATA[]]></system-err>
   </testsuite>
</testsuites>
